


ARM Macro Assembler    Page 1 


    1 00000000         ;/******************************************************
                       ***********************/
    2 00000000         ;/* STM32F10x.s: Startup file for ARM Cortex-M1 Device F
                       amily                 */
    3 00000000         ;/******************************************************
                       ***********************/
    4 00000000         ;/* <<< Use Configuration Wizard in Context Menu >>>    
                                             */
    5 00000000         ;/******************************************************
                       ***********************/
    6 00000000         ;/* This file is part of the uVision/ARM development too
                       ls.                   */
    7 00000000         ;/* Copyright (c) 2005-2008 Keil Software. All rights re
                       served.               */
    8 00000000         ;/* This software may only be used under the terms of a 
                       valid, current,       */
    9 00000000         ;/* end user licence from KEIL for a compatible version 
                       of KEIL software      */
   10 00000000         ;/* development tools. Nothing else gives you the right 
                       to use this software. */
   11 00000000         ;/******************************************************
                       ***********************/
   12 00000000         
   13 00000000         
   14 00000000         ;// <h> Stack Configuration
   15 00000000         ;//   <o> Stack Size (in Bytes) <0x0-0xFFFFFFFF:8>
   16 00000000         ;// </h>
   17 00000000         
   18 00000000 00000400 
                       Stack_Size
                               EQU              0x00000400
   19 00000000         
   20 00000000                 AREA             STACK, NOINIT, READWRITE, ALIGN
=3
   21 00000000         Stack_Mem
                               SPACE            Stack_Size
   22 00000400         __initial_sp
   23 00000400         
   24 00000400         
   25 00000400         ;// <h> Heap Configuration
   26 00000400         ;//   <o>  Heap Size (in Bytes) <0x0-0xFFFFFFFF:8>
   27 00000400         ;// </h>
   28 00000400         
   29 00000400 00000000 
                       Heap_Size
                               EQU              0x00000000
   30 00000400         
   31 00000400                 AREA             HEAP, NOINIT, READWRITE, ALIGN=
3
   32 00000000         __heap_base
   33 00000000         Heap_Mem
                               SPACE            Heap_Size
   34 00000000         __heap_limit
   35 00000000         
   36 00000000         
   37 00000000                 PRESERVE8
   38 00000000                 THUMB
   39 00000000         
   40 00000000         



ARM Macro Assembler    Page 2 


   41 00000000         ; Vector Table Mapped to Address 0 at Reset
   42 00000000         
   43 00000000                 AREA             RESET, DATA, READONLY
   44 00000000                 EXPORT           __Vectors
   45 00000000         
   46 00000000 00000000 
                       __Vectors
                               DCD              __initial_sp ; Top of Stack
   47 00000004 00000000        DCD              Reset_Handler ; Reset Handler
   48 00000008 00000000        DCD              NMI_Handler ; NMI Handler
   49 0000000C 00000000        DCD              HardFault_Handler ; Hard Fault 
                                                            Handler
   50 00000010 00000000        DCD              0           ; Reserved
   51 00000014 00000000        DCD              0           ; Reserved
   52 00000018 00000000        DCD              0           ; Reserved
   53 0000001C 00000000        DCD              0           ; Reserved
   54 00000020 00000000        DCD              0           ; Reserved
   55 00000024 00000000        DCD              0           ; Reserved
   56 00000028 00000000        DCD              0           ; Reserved
   57 0000002C 00000000        DCD              SVC_Handler ; SVCall Handler
   58 00000030 00000000        DCD              0           ; Reserved
   59 00000034 00000000        DCD              0           ; Reserved
   60 00000038 00000000        DCD              PendSV_Handler ; PendSV Handler
                                                            
   61 0000003C 00000000        DCD              SysTick_Handler 
                                                            ; SysTick Handler
   62 00000040         
   63 00000040         ; External Interrupts
   64 00000040 00000000        DCD              MILSTD1553B1_IRQ_Handler ;IRQ0 
                                                            MILSTD1553B1 Handle
                                                            r
   65 00000044 00000000        DCD              MILSTD1553B2_IRQ_Handler ;IRQ1 
                                                            MILSTD1553B2 Handle
                                                            r
   66 00000048 00000000        DCD              USB_IRQHandler ;IRQ2 USB     Ha
                                                            ndler
   67 0000004C 00000000        DCD              CAN1_IRQ_Handler ;IRQ3 CAN1    
                                                            Handler
   68 00000050 00000000        DCD              CAN2_IRQ_Handler ;IRQ4 CAN2    
                                                            Handler
   69 00000054 00000000        DCD              DMA_IRQ_Handler ;IRQ5 DMA     H
                                                            andler
   70 00000058 00000000        DCD              UART1_IRQ_Handler ;IRQ6 UART1  
                                                             Handler
   71 0000005C 00000000        DCD              UART2_IRQ_Handler ;IRQ7 UART2  
                                                             Handler
   72 00000060 00000000        DCD              SPI1_IRQ_Handler ;IRQ8 SPI1    
                                                            Handler
   73 00000064 00000000        DCD              NAND_IRQ_Handler ;IRQ9 NAND    
                                                            Handler
   74 00000068 00000000        DCD              ARINCR_IRQ_Handler ;IRQ10 ARINC
                                                            R  Handler
   75 0000006C 00000000        DCD              PWR_IRQ_Handler ;IRQ11 PWR    H
                                                            andler
   76 00000070 00000000        DCD              WWDG_IRQ_Handler ;IRQ12 WWDG   
                                                            Handler
   77 00000074 00000000        DCD              TIM4_IRQ_Handler ;IRQ13 TIM4   
                                                            Handler
   78 00000078 00000000        DCD              TIM1_IRQ_Handler ;IRQ14 TIM1   



ARM Macro Assembler    Page 3 


                                                            Handler
   79 0000007C 00000000        DCD              TIM2_IRQ_Handler ;IRQ15 TIM2   
                                                            Handler
   80 00000080 00000000        DCD              TIM3_IRQ_Handler ;IRQ16 TIM3   
                                                            Handler
   81 00000084 00000000        DCD              ADC_IRQ_Handler ;IRQ17 ADCIU3 H
                                                            andler
   82 00000088 00000000        DCD              ETH_IRQ_Handler ;IRQ18 Ethernet
                                                             Handler
   83 0000008C 00000000        DCD              SPI3_IRQ_Handler ;IRQ19 SPI3   
                                                             Handler
   84 00000090 00000000        DCD              SPI2_IRQ_Handler ;IRQ20 SPI2   
                                                             Handler
   85 00000094 00000000        DCD              ARINCT1_IRQ_Handler ;IRQ21 ARIN
                                                            CT1 Handler
   86 00000098 00000000        DCD              ARINCT2_IRQ_Handler ;IRQ22 ARIN
                                                            CT2 Handler
   87 0000009C 00000000        DCD              ARINCT3_IRQ_Handler ;IRQ23 ARIN
                                                            CT3 Handler
   88 000000A0 00000000        DCD              ARINCT4_IRQ_Handler ;IRQ24 ARIN
                                                            CT4 Handler
   89 000000A4 00000000        DCD              Reserved_IRQ_Handler ;IRQ25 Res
                                                            erved Handler
   90 000000A8 00000000        DCD              Reserved_IRQ_Handler ;IRQ26 Res
                                                            erved Handler
   91 000000AC 00000000        DCD              BKP_IRQ_Handler ;IRQ27 BKP     
                                                            Handler
   92 000000B0 00000000        DCD              EXT1_IRQ_Handler 
                                                            ;IRQ28 EXT1 Handler
                                                            
   93 000000B4 00000000        DCD              EXT2_IRQ_Handler 
                                                            ;IRQ29 EXT2 Handler
                                                            
   94 000000B8 00000000        DCD              EXT3_IRQ_Handler 
                                                            ;IRQ30 EXT3 Handler
                                                            
   95 000000BC 00000000        DCD              EXT4_IRQ_Handler 
                                                            ;IRQ31 EXT4 Handler
                                                            
   96 000000C0         
   97 000000C0                 AREA             |.text|, CODE, READONLY
   98 00000000         
   99 00000000         
  100 00000000         ; Reset Handler
  101 00000000         
  102 00000000         Reset_Handler
                               PROC
  103 00000000                 EXPORT           Reset_Handler             [WEAK
]
  104 00000000                 IMPORT           __main
  105 00000000 4815            LDR              R0,=__main
  106 00000002 4700            BX               R0
  107 00000004                 ENDP
  108 00000004         
  109 00000004         
  110 00000004         ; Dummy Exception Handlers (infinite loops which can be 
                       modified)                
  111 00000004         
  112 00000004         NMI_Handler



ARM Macro Assembler    Page 4 


                               PROC
  113 00000004                 EXPORT           NMI_Handler               [WEAK
]
  114 00000004 E7FE            B                .
  115 00000006                 ENDP
  117 00000006         HardFault_Handler
                               PROC
  118 00000006                 EXPORT           HardFault_Handler         [WEAK
]
  119 00000006 E7FE            B                .
  120 00000008                 ENDP
  121 00000008         SVC_Handler
                               PROC
  122 00000008                 EXPORT           SVC_Handler               [WEAK
]
  123 00000008 E7FE            B                .
  124 0000000A                 ENDP
  125 0000000A         PendSV_Handler
                               PROC
  126 0000000A                 EXPORT           PendSV_Handler            [WEAK
]
  127 0000000A E7FE            B                .
  128 0000000C                 ENDP
  129 0000000C         SysTick_Handler
                               PROC
  130 0000000C                 EXPORT           SysTick_Handler           [WEAK
]
  131 0000000C E7FE            B                .
  132 0000000E                 ENDP
  133 0000000E         
  134 0000000E         DMA_IRQ_Handler
                               PROC
  135 0000000E                 EXPORT           DMA_IRQ_Handler               [
WEAK]
  136 0000000E E7FE            B                .
  137 00000010                 ENDP
  138 00000010         
  139 00000010         UART1_IRQ_Handler
                               PROC
  140 00000010                 EXPORT           UART1_IRQ_Handler              
 [WEAK]
  141 00000010 E7FE            B                .
  142 00000012                 ENDP
  143 00000012         
  144 00000012         UART2_IRQ_Handler
                               PROC
  145 00000012                 EXPORT           UART2_IRQ_Handler              
 [WEAK]
  146 00000012 E7FE            B                .
  147 00000014                 ENDP
  148 00000014         
  149 00000014         SPI1_IRQ_Handler
                               PROC
  150 00000014                 EXPORT           SPI1_IRQ_Handler               
[WEAK]
  151 00000014 E7FE            B                .
  152 00000016                 ENDP
  153 00000016         
  154 00000016         SPI2_IRQ_Handler



ARM Macro Assembler    Page 5 


                               PROC
  155 00000016                 EXPORT           SPI2_IRQ_Handler               
[WEAK]
  156 00000016 E7FE            B                .
  157 00000018                 ENDP
  158 00000018         
  159 00000018         SPI3_IRQ_Handler
                               PROC
  160 00000018                 EXPORT           SPI3_IRQ_Handler               
[WEAK]
  161 00000018 E7FE            B                .
  162 0000001A                 ENDP
  163 0000001A         
  164 0000001A         
  165 0000001A         PWR_IRQ_Handler
                               PROC
  166 0000001A                 EXPORT           PWR_IRQ_Handler               [
WEAK]
  167 0000001A E7FE            B                .
  168 0000001C                 ENDP
  169 0000001C         
  170 0000001C         WWDG_IRQ_Handler
                               PROC
  171 0000001C                 EXPORT           WWDG_IRQ_Handler               
[WEAK]
  172 0000001C E7FE            B                .
  173 0000001E                 ENDP
  174 0000001E         
  175 0000001E         TIM1_IRQ_Handler
                               PROC
  176 0000001E                 EXPORT           TIM1_IRQ_Handler               
[WEAK]
  177 0000001E E7FE            B                .
  178 00000020                 ENDP
  179 00000020         
  180 00000020         TIM2_IRQ_Handler
                               PROC
  181 00000020                 EXPORT           TIM2_IRQ_Handler               
[WEAK]
  182 00000020 E7FE            B                .
  183 00000022                 ENDP
  184 00000022         
  185 00000022         TIM3_IRQ_Handler
                               PROC
  186 00000022                 EXPORT           TIM3_IRQ_Handler               
[WEAK]
  187 00000022 E7FE            B                .
  188 00000024                 ENDP
  189 00000024         
  190 00000024         TIM4_IRQ_Handler
                               PROC
  191 00000024                 EXPORT           TIM4_IRQ_Handler               
[WEAK]
  192 00000024 E7FE            B                .
  193 00000026                 ENDP
  194 00000026         
  195 00000026         ADC_IRQ_Handler
                               PROC
  196 00000026                 EXPORT           ADC_IRQ_Handler               [



ARM Macro Assembler    Page 6 


WEAK]
  197 00000026 E7FE            B                .
  198 00000028                 ENDP
  199 00000028         
  200 00000028         USB_IRQHandler
                               PROC
  201 00000028                 EXPORT           USB_IRQHandler               [W
EAK]
  202 00000028 E7FE            B                .
  203 0000002A                 ENDP
  204 0000002A         
  205 0000002A         BKP_IRQ_Handler
                               PROC
  206 0000002A                 EXPORT           BKP_IRQ_Handler               [
WEAK]
  207 0000002A E7FE            B                .
  208 0000002C                 ENDP
  209 0000002C         
  210 0000002C         EXT1_IRQ_Handler
                               PROC
  211 0000002C                 EXPORT           EXT1_IRQ_Handler               
[WEAK]
  212 0000002C E7FE            B                .
  213 0000002E                 ENDP
  214 0000002E         
  215 0000002E         EXT2_IRQ_Handler
                               PROC
  216 0000002E                 EXPORT           EXT1_IRQ_Handler               
[WEAK]
  217 0000002E E7FE            B                .
  218 00000030                 ENDP
  219 00000030         
  220 00000030         EXT3_IRQ_Handler
                               PROC
  221 00000030                 EXPORT           EXT1_IRQ_Handler               
[WEAK]
  222 00000030 E7FE            B                .
  223 00000032                 ENDP
  224 00000032         
  225 00000032         EXT4_IRQ_Handler
                               PROC
  226 00000032                 EXPORT           EXT1_IRQ_Handler               
[WEAK]
  227 00000032 E7FE            B                .
  228 00000034                 ENDP
  229 00000034         
  230 00000034         MILSTD1553B1_IRQ_Handler
                               PROC
  231 00000034                 EXPORT           MILSTD1553B1_IRQ_Handler       
        [WEAK]
  232 00000034 E7FE            B                .
  233 00000036                 ENDP
  234 00000036         
  235 00000036         MILSTD1553B2_IRQ_Handler
                               PROC
  236 00000036                 EXPORT           MILSTD1553B2_IRQ_Handler       
       [WEAK]
  237 00000036 E7FE            B                .
  238 00000038                 ENDP



ARM Macro Assembler    Page 7 


  239 00000038         
  240 00000038         CAN1_IRQ_Handler
                               PROC
  241 00000038                 EXPORT           CAN1_IRQ_Handler              [
WEAK]
  242 00000038 E7FE            B                .
  243 0000003A                 ENDP
  244 0000003A         
  245 0000003A         CAN2_IRQ_Handler
                               PROC
  246 0000003A                 EXPORT           CAN2_IRQ_Handler              [
WEAK]
  247 0000003A E7FE            B                .
  248 0000003C                 ENDP
  249 0000003C         
  250 0000003C         NAND_IRQ_Handler
                               PROC
  251 0000003C                 EXPORT           NAND_IRQ_Handler              [
WEAK]
  252 0000003C E7FE            B                .
  253 0000003E                 ENDP
  254 0000003E         
  255 0000003E         ARINCR_IRQ_Handler
                               PROC
  256 0000003E                 EXPORT           ARINCR_IRQ_Handler             
 [WEAK]
  257 0000003E E7FE            B                .
  258 00000040                 ENDP
  259 00000040         
  260 00000040         ARINCT1_IRQ_Handler
                               PROC
  261 00000040                 EXPORT           ARINCT1_IRQ_Handler            
  [WEAK]
  262 00000040 E7FE            B                .
  263 00000042                 ENDP
  264 00000042         
  265 00000042         ARINCT2_IRQ_Handler
                               PROC
  266 00000042                 EXPORT           ARINCT2_IRQ_Handler            
  [WEAK]
  267 00000042 E7FE            B                .
  268 00000044                 ENDP
  269 00000044         
  270 00000044         ARINCT3_IRQ_Handler
                               PROC
  271 00000044                 EXPORT           ARINCT1_IRQ_Handler            
  [WEAK]
  272 00000044 E7FE            B                .
  273 00000046                 ENDP
  274 00000046         
  275 00000046         ARINCT4_IRQ_Handler
                               PROC
  276 00000046                 EXPORT           ARINCT4_IRQ_Handler            
  [WEAK]
  277 00000046 E7FE            B                .
  278 00000048                 ENDP
  279 00000048         
  280 00000048         ETH_IRQ_Handler
                               PROC



ARM Macro Assembler    Page 8 


  281 00000048                 EXPORT           ETH_IRQ_Handler              [W
EAK]
  282 00000048 E7FE            B                .
  283 0000004A                 ENDP
  284 0000004A         
  285 0000004A         Default_Handler
                               PROC
  286 0000004A                 EXPORT           Reserved_IRQ_Handler           
    [WEAK]
  287 0000004A         Reserved_IRQ_Handler
  288 0000004A                 ENDP
  289 0000004A         
  290 0000004A         
  291 0000004A 00 00           ALIGN
  292 0000004C         
  293 0000004C         
  294 0000004C         
  295 0000004C         ; User Initial Stack & Heap
  296 0000004C         
  297 0000004C                 IF               :DEF:__MICROLIB
  304 0000004C         
  305 0000004C                 IMPORT           __use_two_region_memory
  306 0000004C                 EXPORT           __user_initial_stackheap
  307 0000004C         __user_initial_stackheap
  308 0000004C         
  309 0000004C 4803            LDR              R0, =  Heap_Mem
  310 0000004E 4904            LDR              R1, =(Stack_Mem + Stack_Size)
  311 00000050 4A02            LDR              R2, = (Heap_Mem +  Heap_Size)
  312 00000052 4B04            LDR              R3, = Stack_Mem
  313 00000054 4770            BX               LR
  314 00000056         
  315 00000056 00 00           ALIGN
  316 00000058         
  317 00000058                 ENDIF
  318 00000058         
  319 00000058         
  320 00000058                 END
              00000000 
              00000000 
              00000400 
              00000000 
Command Line: --debug --xref --cpu=Cortex-M1 --apcs=interwork --depend=.\obj\St
artup.d -o.\obj\Startup.o -IC:\Keil4\ARM\INC -IC:\Keil4\ARM\INC\ARM --list=.\ls
t\Startup.lst src\Startup.s



ARM Macro Assembler    Page 1 Alphabetic symbol ordering
Relocatable symbols

STACK 00000000

Symbol: STACK
   Definitions
      At line 20 in file src\Startup.s
   Uses
      None
Comment: STACK unused
Stack_Mem 00000000

Symbol: Stack_Mem
   Definitions
      At line 21 in file src\Startup.s
   Uses
      At line 310 in file src\Startup.s
      At line 312 in file src\Startup.s

__initial_sp 00000400

Symbol: __initial_sp
   Definitions
      At line 22 in file src\Startup.s
   Uses
      At line 46 in file src\Startup.s
Comment: __initial_sp used once
3 symbols



ARM Macro Assembler    Page 1 Alphabetic symbol ordering
Relocatable symbols

HEAP 00000000

Symbol: HEAP
   Definitions
      At line 31 in file src\Startup.s
   Uses
      None
Comment: HEAP unused
Heap_Mem 00000000

Symbol: Heap_Mem
   Definitions
      At line 33 in file src\Startup.s
   Uses
      At line 309 in file src\Startup.s
      At line 311 in file src\Startup.s

__heap_base 00000000

Symbol: __heap_base
   Definitions
      At line 32 in file src\Startup.s
   Uses
      None
Comment: __heap_base unused
__heap_limit 00000000

Symbol: __heap_limit
   Definitions
      At line 34 in file src\Startup.s
   Uses
      None
Comment: __heap_limit unused
4 symbols



ARM Macro Assembler    Page 1 Alphabetic symbol ordering
Relocatable symbols

RESET 00000000

Symbol: RESET
   Definitions
      At line 43 in file src\Startup.s
   Uses
      None
Comment: RESET unused
__Vectors 00000000

Symbol: __Vectors
   Definitions
      At line 46 in file src\Startup.s
   Uses
      At line 44 in file src\Startup.s
Comment: __Vectors used once
2 symbols



ARM Macro Assembler    Page 1 Alphabetic symbol ordering
Relocatable symbols

.text 00000000

Symbol: .text
   Definitions
      At line 97 in file src\Startup.s
   Uses
      None
Comment: .text unused
ADC_IRQ_Handler 00000026

Symbol: ADC_IRQ_Handler
   Definitions
      At line 195 in file src\Startup.s
   Uses
      At line 81 in file src\Startup.s
      At line 196 in file src\Startup.s

ARINCR_IRQ_Handler 0000003E

Symbol: ARINCR_IRQ_Handler
   Definitions
      At line 255 in file src\Startup.s
   Uses
      At line 74 in file src\Startup.s
      At line 256 in file src\Startup.s

ARINCT1_IRQ_Handler 00000040

Symbol: ARINCT1_IRQ_Handler
   Definitions
      At line 260 in file src\Startup.s
   Uses
      At line 85 in file src\Startup.s
      At line 261 in file src\Startup.s
      At line 271 in file src\Startup.s

ARINCT2_IRQ_Handler 00000042

Symbol: ARINCT2_IRQ_Handler
   Definitions
      At line 265 in file src\Startup.s
   Uses
      At line 86 in file src\Startup.s
      At line 266 in file src\Startup.s

ARINCT3_IRQ_Handler 00000044

Symbol: ARINCT3_IRQ_Handler
   Definitions
      At line 270 in file src\Startup.s
   Uses
      At line 87 in file src\Startup.s
Comment: ARINCT3_IRQ_Handler used once
ARINCT4_IRQ_Handler 00000046

Symbol: ARINCT4_IRQ_Handler
   Definitions
      At line 275 in file src\Startup.s
   Uses



ARM Macro Assembler    Page 2 Alphabetic symbol ordering
Relocatable symbols

      At line 88 in file src\Startup.s
      At line 276 in file src\Startup.s

BKP_IRQ_Handler 0000002A

Symbol: BKP_IRQ_Handler
   Definitions
      At line 205 in file src\Startup.s
   Uses
      At line 91 in file src\Startup.s
      At line 206 in file src\Startup.s

CAN1_IRQ_Handler 00000038

Symbol: CAN1_IRQ_Handler
   Definitions
      At line 240 in file src\Startup.s
   Uses
      At line 67 in file src\Startup.s
      At line 241 in file src\Startup.s

CAN2_IRQ_Handler 0000003A

Symbol: CAN2_IRQ_Handler
   Definitions
      At line 245 in file src\Startup.s
   Uses
      At line 68 in file src\Startup.s
      At line 246 in file src\Startup.s

DMA_IRQ_Handler 0000000E

Symbol: DMA_IRQ_Handler
   Definitions
      At line 134 in file src\Startup.s
   Uses
      At line 69 in file src\Startup.s
      At line 135 in file src\Startup.s

Default_Handler 0000004A

Symbol: Default_Handler
   Definitions
      At line 285 in file src\Startup.s
   Uses
      None
Comment: Default_Handler unused
ETH_IRQ_Handler 00000048

Symbol: ETH_IRQ_Handler
   Definitions
      At line 280 in file src\Startup.s
   Uses
      At line 82 in file src\Startup.s
      At line 281 in file src\Startup.s

EXT1_IRQ_Handler 0000002C

Symbol: EXT1_IRQ_Handler



ARM Macro Assembler    Page 3 Alphabetic symbol ordering
Relocatable symbols

   Definitions
      At line 210 in file src\Startup.s
   Uses
      At line 92 in file src\Startup.s
      At line 211 in file src\Startup.s
      At line 216 in file src\Startup.s
      At line 221 in file src\Startup.s
      At line 226 in file src\Startup.s

EXT2_IRQ_Handler 0000002E

Symbol: EXT2_IRQ_Handler
   Definitions
      At line 215 in file src\Startup.s
   Uses
      At line 93 in file src\Startup.s
Comment: EXT2_IRQ_Handler used once
EXT3_IRQ_Handler 00000030

Symbol: EXT3_IRQ_Handler
   Definitions
      At line 220 in file src\Startup.s
   Uses
      At line 94 in file src\Startup.s
Comment: EXT3_IRQ_Handler used once
EXT4_IRQ_Handler 00000032

Symbol: EXT4_IRQ_Handler
   Definitions
      At line 225 in file src\Startup.s
   Uses
      At line 95 in file src\Startup.s
Comment: EXT4_IRQ_Handler used once
HardFault_Handler 00000006

Symbol: HardFault_Handler
   Definitions
      At line 117 in file src\Startup.s
   Uses
      At line 49 in file src\Startup.s
      At line 118 in file src\Startup.s

MILSTD1553B1_IRQ_Handler 00000034

Symbol: MILSTD1553B1_IRQ_Handler
   Definitions
      At line 230 in file src\Startup.s
   Uses
      At line 64 in file src\Startup.s
      At line 231 in file src\Startup.s

MILSTD1553B2_IRQ_Handler 00000036

Symbol: MILSTD1553B2_IRQ_Handler
   Definitions
      At line 235 in file src\Startup.s
   Uses
      At line 65 in file src\Startup.s
      At line 236 in file src\Startup.s



ARM Macro Assembler    Page 4 Alphabetic symbol ordering
Relocatable symbols


NAND_IRQ_Handler 0000003C

Symbol: NAND_IRQ_Handler
   Definitions
      At line 250 in file src\Startup.s
   Uses
      At line 73 in file src\Startup.s
      At line 251 in file src\Startup.s

NMI_Handler 00000004

Symbol: NMI_Handler
   Definitions
      At line 112 in file src\Startup.s
   Uses
      At line 48 in file src\Startup.s
      At line 113 in file src\Startup.s

PWR_IRQ_Handler 0000001A

Symbol: PWR_IRQ_Handler
   Definitions
      At line 165 in file src\Startup.s
   Uses
      At line 75 in file src\Startup.s
      At line 166 in file src\Startup.s

PendSV_Handler 0000000A

Symbol: PendSV_Handler
   Definitions
      At line 125 in file src\Startup.s
   Uses
      At line 60 in file src\Startup.s
      At line 126 in file src\Startup.s

Reserved_IRQ_Handler 0000004A

Symbol: Reserved_IRQ_Handler
   Definitions
      At line 287 in file src\Startup.s
   Uses
      At line 89 in file src\Startup.s
      At line 90 in file src\Startup.s
      At line 286 in file src\Startup.s

Reset_Handler 00000000

Symbol: Reset_Handler
   Definitions
      At line 102 in file src\Startup.s
   Uses
      At line 47 in file src\Startup.s
      At line 103 in file src\Startup.s

SPI1_IRQ_Handler 00000014

Symbol: SPI1_IRQ_Handler



ARM Macro Assembler    Page 5 Alphabetic symbol ordering
Relocatable symbols

   Definitions
      At line 149 in file src\Startup.s
   Uses
      At line 72 in file src\Startup.s
      At line 150 in file src\Startup.s

SPI2_IRQ_Handler 00000016

Symbol: SPI2_IRQ_Handler
   Definitions
      At line 154 in file src\Startup.s
   Uses
      At line 84 in file src\Startup.s
      At line 155 in file src\Startup.s

SPI3_IRQ_Handler 00000018

Symbol: SPI3_IRQ_Handler
   Definitions
      At line 159 in file src\Startup.s
   Uses
      At line 83 in file src\Startup.s
      At line 160 in file src\Startup.s

SVC_Handler 00000008

Symbol: SVC_Handler
   Definitions
      At line 121 in file src\Startup.s
   Uses
      At line 57 in file src\Startup.s
      At line 122 in file src\Startup.s

SysTick_Handler 0000000C

Symbol: SysTick_Handler
   Definitions
      At line 129 in file src\Startup.s
   Uses
      At line 61 in file src\Startup.s
      At line 130 in file src\Startup.s

TIM1_IRQ_Handler 0000001E

Symbol: TIM1_IRQ_Handler
   Definitions
      At line 175 in file src\Startup.s
   Uses
      At line 78 in file src\Startup.s
      At line 176 in file src\Startup.s

TIM2_IRQ_Handler 00000020

Symbol: TIM2_IRQ_Handler
   Definitions
      At line 180 in file src\Startup.s
   Uses
      At line 79 in file src\Startup.s
      At line 181 in file src\Startup.s



ARM Macro Assembler    Page 6 Alphabetic symbol ordering
Relocatable symbols


TIM3_IRQ_Handler 00000022

Symbol: TIM3_IRQ_Handler
   Definitions
      At line 185 in file src\Startup.s
   Uses
      At line 80 in file src\Startup.s
      At line 186 in file src\Startup.s

TIM4_IRQ_Handler 00000024

Symbol: TIM4_IRQ_Handler
   Definitions
      At line 190 in file src\Startup.s
   Uses
      At line 77 in file src\Startup.s
      At line 191 in file src\Startup.s

UART1_IRQ_Handler 00000010

Symbol: UART1_IRQ_Handler
   Definitions
      At line 139 in file src\Startup.s
   Uses
      At line 70 in file src\Startup.s
      At line 140 in file src\Startup.s

UART2_IRQ_Handler 00000012

Symbol: UART2_IRQ_Handler
   Definitions
      At line 144 in file src\Startup.s
   Uses
      At line 71 in file src\Startup.s
      At line 145 in file src\Startup.s

USB_IRQHandler 00000028

Symbol: USB_IRQHandler
   Definitions
      At line 200 in file src\Startup.s
   Uses
      At line 66 in file src\Startup.s
      At line 201 in file src\Startup.s

WWDG_IRQ_Handler 0000001C

Symbol: WWDG_IRQ_Handler
   Definitions
      At line 170 in file src\Startup.s
   Uses
      At line 76 in file src\Startup.s
      At line 171 in file src\Startup.s

__user_initial_stackheap 0000004C

Symbol: __user_initial_stackheap
   Definitions



ARM Macro Assembler    Page 7 Alphabetic symbol ordering
Relocatable symbols

      At line 307 in file src\Startup.s
   Uses
      At line 306 in file src\Startup.s
Comment: __user_initial_stackheap used once
40 symbols



ARM Macro Assembler    Page 1 Alphabetic symbol ordering
Absolute symbols

Heap_Size 00000000

Symbol: Heap_Size
   Definitions
      At line 29 in file src\Startup.s
   Uses
      At line 33 in file src\Startup.s
      At line 311 in file src\Startup.s

Stack_Size 00000400

Symbol: Stack_Size
   Definitions
      At line 18 in file src\Startup.s
   Uses
      At line 21 in file src\Startup.s
      At line 310 in file src\Startup.s

2 symbols



ARM Macro Assembler    Page 1 Alphabetic symbol ordering
External symbols

__main 00000000

Symbol: __main
   Definitions
      At line 104 in file src\Startup.s
   Uses
      At line 105 in file src\Startup.s
Comment: __main used once
__use_two_region_memory 00000000

Symbol: __use_two_region_memory
   Definitions
      At line 305 in file src\Startup.s
   Uses
      None
Comment: __use_two_region_memory unused
2 symbols
380 symbols in table
